<?xml version="1.0" encoding="UTF-8"?>
<testng-results ignored="0" total="0" passed="0" failed="0" skipped="0">
  <reporter-output>
  </reporter-output>
  <suite started-at="2025-04-02T15:19:06 IST" name="Automation Suite" finished-at="2025-04-02T15:19:06 IST" duration-ms="42">
    <groups>
    </groups>
    <test started-at="2025-04-02T15:19:06 IST" name="Login Tests" finished-at="2025-04-02T15:19:06 IST" duration-ms="42">
    </test> <!-- Login Tests -->
  </suite> <!-- Automation Suite -->
</testng-results>
