<?xml version="1.0" encoding="UTF-8"?>
<testng-results ignored="0" total="0" passed="0" failed="0" skipped="0">
  <reporter-output>
  </reporter-output>
  <suite started-at="2025-03-28T20:13:38 IST" name="EbayTestSuite" finished-at="2025-03-28T20:13:38 IST" duration-ms="89">
    <groups>
    </groups>
    <test started-at="2025-03-28T20:13:38 IST" name="EbayTests" finished-at="2025-03-28T20:13:38 IST" duration-ms="89">
    </test> <!-- EbayTests -->
  </suite> <!-- EbayTestSuite -->
</testng-results>
